{"/Users/drolya/Sites/app/src/main.tsx": {"path":"/Users/drolya/Sites/app/src/main.tsx","all":true,"statementMap":{"0":{"start":{"line":1,"column":0},"end":{"line":1,"column":35}},"1":{"start":{"line":2,"column":0},"end":{"line":2,"column":46}},"2":{"start":{"line":3,"column":0},"end":{"line":3,"column":39}},"3":{"start":{"line":4,"column":0},"end":{"line":4,"column":59}},"5":{"start":{"line":6,"column":0},"end":{"line":6,"column":52}},"6":{"start":{"line":7,"column":0},"end":{"line":7,"column":30}},"7":{"start":{"line":8,"column":0},"end":{"line":8,"column":38}},"9":{"start":{"line":10,"column":0},"end":{"line":10,"column":52}},"10":{"start":{"line":11,"column":0},"end":{"line":11,"column":14}},"11":{"start":{"line":12,"column":0},"end":{"line":12,"column":28}},"12":{"start":{"line":13,"column":0},"end":{"line":13,"column":14}},"13":{"start":{"line":14,"column":0},"end":{"line":14,"column":15}},"14":{"start":{"line":15,"column":0},"end":{"line":15,"column":15}},"15":{"start":{"line":16,"column":0},"end":{"line":16,"column":15}},"16":{"start":{"line":17,"column":0},"end":{"line":17,"column":16}},"17":{"start":{"line":18,"column":0},"end":{"line":18,"column":2}}},"s":{"0":0,"1":0,"2":0,"3":0,"5":0,"6":0,"7":0,"9":0,"10":0,"11":0,"12":0,"13":0,"14":0,"15":0,"16":0,"17":0},"branchMap":{"0":{"type":"branch","line":1,"loc":{"start":{"line":1,"column":487},"end":{"line":18,"column":2}},"locations":[{"start":{"line":1,"column":487},"end":{"line":18,"column":2}}]}},"b":{"0":[0]},"fnMap":{"0":{"name":"(empty-report)","decl":{"start":{"line":1,"column":487},"end":{"line":18,"column":2}},"loc":{"start":{"line":1,"column":487},"end":{"line":18,"column":2}},"line":1}},"f":{"0":0}}
,"/Users/drolya/Sites/app/src/vite-env.d.ts": {"path":"/Users/drolya/Sites/app/src/vite-env.d.ts","all":true,"statementMap":{},"s":{},"branchMap":{"0":{"type":"branch","line":1,"loc":{"start":{"line":1,"column":37},"end":{"line":1,"column":37}},"locations":[{"start":{"line":1,"column":37},"end":{"line":1,"column":37}}]}},"b":{"0":[1]},"fnMap":{"0":{"name":"(empty-report)","decl":{"start":{"line":1,"column":37},"end":{"line":1,"column":37}},"loc":{"start":{"line":1,"column":37},"end":{"line":1,"column":37}},"line":1}},"f":{"0":1}}
,"/Users/drolya/Sites/app/src/components/TransactionList/TransactionList.tsx": {"path":"/Users/drolya/Sites/app/src/components/TransactionList/TransactionList.tsx","all":true,"statementMap":{"0":{"start":{"line":1,"column":0},"end":{"line":1,"column":22}},"1":{"start":{"line":2,"column":0},"end":{"line":2,"column":74}},"2":{"start":{"line":3,"column":0},"end":{"line":3,"column":69}},"3":{"start":{"line":4,"column":0},"end":{"line":4,"column":82}},"4":{"start":{"line":5,"column":0},"end":{"line":5,"column":2}},"6":{"start":{"line":7,"column":0},"end":{"line":7,"column":31}},"7":{"start":{"line":8,"column":0},"end":{"line":8,"column":80}},"8":{"start":{"line":9,"column":0},"end":{"line":9,"column":91}},"10":{"start":{"line":11,"column":0},"end":{"line":11,"column":11}},"11":{"start":{"line":12,"column":0},"end":{"line":12,"column":42}},"12":{"start":{"line":13,"column":0},"end":{"line":13,"column":15}},"13":{"start":{"line":14,"column":0},"end":{"line":14,"column":79}},"14":{"start":{"line":15,"column":0},"end":{"line":15,"column":95}},"15":{"start":{"line":16,"column":0},"end":{"line":16,"column":88}},"16":{"start":{"line":17,"column":0},"end":{"line":17,"column":101}},"17":{"start":{"line":18,"column":0},"end":{"line":18,"column":15}},"18":{"start":{"line":19,"column":0},"end":{"line":19,"column":16}},"19":{"start":{"line":20,"column":0},"end":{"line":20,"column":15}},"20":{"start":{"line":21,"column":0},"end":{"line":21,"column":37}},"21":{"start":{"line":22,"column":0},"end":{"line":22,"column":15}},"22":{"start":{"line":23,"column":0},"end":{"line":23,"column":25}},"23":{"start":{"line":24,"column":0},"end":{"line":24,"column":92}},"25":{"start":{"line":26,"column":0},"end":{"line":26,"column":56}},"26":{"start":{"line":27,"column":0},"end":{"line":27,"column":49}},"27":{"start":{"line":28,"column":0},"end":{"line":28,"column":17}},"28":{"start":{"line":29,"column":0},"end":{"line":29,"column":46}},"29":{"start":{"line":30,"column":0},"end":{"line":30,"column":127}},"30":{"start":{"line":31,"column":0},"end":{"line":31,"column":19}},"32":{"start":{"line":33,"column":0},"end":{"line":33,"column":88}},"33":{"start":{"line":34,"column":0},"end":{"line":34,"column":19}},"34":{"start":{"line":35,"column":0},"end":{"line":35,"column":17}},"35":{"start":{"line":36,"column":0},"end":{"line":36,"column":13}},"36":{"start":{"line":37,"column":0},"end":{"line":37,"column":16}},"37":{"start":{"line":38,"column":0},"end":{"line":38,"column":14}},"38":{"start":{"line":39,"column":0},"end":{"line":39,"column":10}},"41":{"start":{"line":42,"column":0},"end":{"line":42,"column":31}}},"s":{"0":0,"1":0,"2":0,"3":0,"4":0,"6":0,"7":0,"8":0,"10":0,"11":0,"12":0,"13":0,"14":0,"15":0,"16":0,"17":0,"18":0,"19":0,"20":0,"21":0,"22":0,"23":0,"25":0,"26":0,"27":0,"28":0,"29":0,"30":0,"32":0,"33":0,"34":0,"35":0,"36":0,"37":0,"38":0,"41":0},"branchMap":{"0":{"type":"branch","line":1,"loc":{"start":{"line":1,"column":0},"end":{"line":42,"column":-940}},"locations":[{"start":{"line":1,"column":0},"end":{"line":42,"column":-940}}]}},"b":{"0":[0]},"fnMap":{"0":{"name":"(empty-report)","decl":{"start":{"line":1,"column":0},"end":{"line":42,"column":-940}},"loc":{"start":{"line":1,"column":0},"end":{"line":42,"column":-940}},"line":1}},"f":{"0":0}}
,"/Users/drolya/Sites/app/src/components/shared/App/App.tsx": {"path":"/Users/drolya/Sites/app/src/components/shared/App/App.tsx","all":true,"statementMap":{"0":{"start":{"line":1,"column":0},"end":{"line":1,"column":59}},"2":{"start":{"line":3,"column":0},"end":{"line":3,"column":75}},"3":{"start":{"line":4,"column":0},"end":{"line":4,"column":81}},"4":{"start":{"line":5,"column":0},"end":{"line":5,"column":59}},"6":{"start":{"line":7,"column":0},"end":{"line":7,"column":19}},"7":{"start":{"line":8,"column":0},"end":{"line":8,"column":10}},"8":{"start":{"line":9,"column":0},"end":{"line":9,"column":51}},"9":{"start":{"line":10,"column":0},"end":{"line":10,"column":10}},"10":{"start":{"line":11,"column":0},"end":{"line":11,"column":14}},"11":{"start":{"line":12,"column":0},"end":{"line":12,"column":15}},"12":{"start":{"line":13,"column":0},"end":{"line":13,"column":22}},"13":{"start":{"line":14,"column":0},"end":{"line":14,"column":41}},"14":{"start":{"line":15,"column":0},"end":{"line":15,"column":23}},"16":{"start":{"line":17,"column":0},"end":{"line":17,"column":6}},"17":{"start":{"line":18,"column":0},"end":{"line":18,"column":10}},"18":{"start":{"line":19,"column":0},"end":{"line":19,"column":26}},"19":{"start":{"line":20,"column":0},"end":{"line":20,"column":15}},"20":{"start":{"line":21,"column":0},"end":{"line":21,"column":22}},"21":{"start":{"line":22,"column":0},"end":{"line":22,"column":126}},"22":{"start":{"line":23,"column":0},"end":{"line":23,"column":31}},"23":{"start":{"line":24,"column":0},"end":{"line":24,"column":16}},"24":{"start":{"line":25,"column":0},"end":{"line":25,"column":23}},"26":{"start":{"line":27,"column":0},"end":{"line":27,"column":8}},"27":{"start":{"line":28,"column":0},"end":{"line":28,"column":57}},"28":{"start":{"line":29,"column":0},"end":{"line":29,"column":11}},"31":{"start":{"line":32,"column":0},"end":{"line":32,"column":19}}},"s":{"0":0,"2":0,"3":0,"4":0,"6":0,"7":0,"8":0,"9":0,"10":0,"11":0,"12":0,"13":0,"14":0,"16":0,"17":0,"18":0,"19":0,"20":0,"21":0,"22":0,"23":0,"24":0,"26":0,"27":0,"28":0,"31":0},"branchMap":{"0":{"type":"branch","line":1,"loc":{"start":{"line":1,"column":0},"end":{"line":32,"column":-531}},"locations":[{"start":{"line":1,"column":0},"end":{"line":32,"column":-531}}]}},"b":{"0":[0]},"fnMap":{"0":{"name":"(empty-report)","decl":{"start":{"line":1,"column":0},"end":{"line":32,"column":-531}},"loc":{"start":{"line":1,"column":0},"end":{"line":32,"column":-531}},"line":1}},"f":{"0":0}}
,"/Users/drolya/Sites/app/src/components/shared/Example/Example.spec.tsx": {"path":"/Users/drolya/Sites/app/src/components/shared/Example/Example.spec.tsx","all":false,"statementMap":{"0":{"start":{"line":1,"column":0},"end":{"line":1,"column":56}},"2":{"start":{"line":3,"column":0},"end":{"line":3,"column":41}},"4":{"start":{"line":5,"column":0},"end":{"line":5,"column":40}},"5":{"start":{"line":6,"column":0},"end":{"line":6,"column":50}},"6":{"start":{"line":7,"column":0},"end":{"line":7,"column":61}},"7":{"start":{"line":8,"column":0},"end":{"line":8,"column":116}},"8":{"start":{"line":9,"column":0},"end":{"line":9,"column":56}},"9":{"start":{"line":10,"column":0},"end":{"line":10,"column":3}}},"s":{"0":1,"2":1,"4":1,"5":1,"6":1,"7":1,"8":1,"9":1},"branchMap":{"0":{"type":"branch","line":5,"loc":{"start":{"line":5,"column":33},"end":{"line":10,"column":3}},"locations":[{"start":{"line":5,"column":33},"end":{"line":10,"column":3}}]}},"b":{"0":[1]},"fnMap":{},"f":{}}
,"/Users/drolya/Sites/app/src/components/shared/Example/Example.tsx": {"path":"/Users/drolya/Sites/app/src/components/shared/Example/Example.tsx","all":false,"statementMap":{"0":{"start":{"line":1,"column":0},"end":{"line":1,"column":26}},"1":{"start":{"line":2,"column":0},"end":{"line":2,"column":65}},"2":{"start":{"line":3,"column":0},"end":{"line":3,"column":60}},"8":{"start":{"line":9,"column":0},"end":{"line":9,"column":74}},"9":{"start":{"line":10,"column":0},"end":{"line":10,"column":10}},"10":{"start":{"line":11,"column":0},"end":{"line":11,"column":45}},"11":{"start":{"line":12,"column":0},"end":{"line":12,"column":57}},"12":{"start":{"line":13,"column":0},"end":{"line":13,"column":95}},"13":{"start":{"line":14,"column":0},"end":{"line":14,"column":73}},"14":{"start":{"line":15,"column":0},"end":{"line":15,"column":10}},"16":{"start":{"line":17,"column":0},"end":{"line":17,"column":2}},"18":{"start":{"line":19,"column":0},"end":{"line":19,"column":32}}},"s":{"0":1,"1":1,"2":1,"8":1,"9":1,"10":1,"11":1,"12":1,"13":1,"14":1,"16":1,"18":1},"branchMap":{"0":{"type":"branch","line":9,"loc":{"start":{"line":9,"column":58},"end":{"line":17,"column":2}},"locations":[{"start":{"line":9,"column":58},"end":{"line":17,"column":2}}]}},"b":{"0":[1]},"fnMap":{"0":{"name":"ExampleComponent","decl":{"start":{"line":9,"column":58},"end":{"line":17,"column":2}},"loc":{"start":{"line":9,"column":58},"end":{"line":17,"column":2}},"line":9}},"f":{"0":1}}
,"/Users/drolya/Sites/app/src/components/shared/PrivateRoute/PrivateRoute.spec.tsx": {"path":"/Users/drolya/Sites/app/src/components/shared/PrivateRoute/PrivateRoute.spec.tsx","all":false,"statementMap":{"0":{"start":{"line":1,"column":0},"end":{"line":1,"column":56}},"1":{"start":{"line":2,"column":0},"end":{"line":2,"column":28}},"2":{"start":{"line":3,"column":0},"end":{"line":3,"column":76}},"4":{"start":{"line":5,"column":0},"end":{"line":5,"column":42}},"6":{"start":{"line":7,"column":0},"end":{"line":7,"column":42}},"7":{"start":{"line":8,"column":0},"end":{"line":8,"column":51}},"9":{"start":{"line":10,"column":0},"end":{"line":10,"column":20}},"10":{"start":{"line":11,"column":0},"end":{"line":11,"column":25}},"11":{"start":{"line":12,"column":0},"end":{"line":12,"column":23}},"12":{"start":{"line":13,"column":0},"end":{"line":13,"column":5}},"14":{"start":{"line":15,"column":0},"end":{"line":15,"column":19}},"15":{"start":{"line":16,"column":0},"end":{"line":16,"column":25}},"16":{"start":{"line":17,"column":0},"end":{"line":17,"column":5}},"18":{"start":{"line":19,"column":0},"end":{"line":19,"column":77}},"20":{"start":{"line":21,"column":0},"end":{"line":21,"column":78}},"22":{"start":{"line":23,"column":0},"end":{"line":23,"column":76}},"24":{"start":{"line":25,"column":0},"end":{"line":25,"column":11}},"25":{"start":{"line":26,"column":0},"end":{"line":26,"column":55}},"26":{"start":{"line":27,"column":0},"end":{"line":27,"column":16}},"27":{"start":{"line":28,"column":0},"end":{"line":28,"column":16}},"28":{"start":{"line":29,"column":0},"end":{"line":29,"column":32}},"29":{"start":{"line":30,"column":0},"end":{"line":30,"column":21}},"30":{"start":{"line":31,"column":0},"end":{"line":31,"column":28}},"31":{"start":{"line":32,"column":0},"end":{"line":32,"column":36}},"32":{"start":{"line":33,"column":0},"end":{"line":33,"column":29}},"34":{"start":{"line":35,"column":0},"end":{"line":35,"column":12}},"35":{"start":{"line":36,"column":0},"end":{"line":36,"column":17}},"36":{"start":{"line":37,"column":0},"end":{"line":37,"column":21}},"37":{"start":{"line":38,"column":0},"end":{"line":38,"column":6}},"40":{"start":{"line":41,"column":0},"end":{"line":41,"column":62}},"41":{"start":{"line":42,"column":0},"end":{"line":42,"column":5}},"43":{"start":{"line":44,"column":0},"end":{"line":44,"column":82}},"45":{"start":{"line":46,"column":0},"end":{"line":46,"column":65}},"47":{"start":{"line":48,"column":0},"end":{"line":48,"column":76}},"49":{"start":{"line":50,"column":0},"end":{"line":50,"column":11}},"50":{"start":{"line":51,"column":0},"end":{"line":51,"column":55}},"51":{"start":{"line":52,"column":0},"end":{"line":52,"column":16}},"52":{"start":{"line":53,"column":0},"end":{"line":53,"column":16}},"53":{"start":{"line":54,"column":0},"end":{"line":54,"column":32}},"54":{"start":{"line":55,"column":0},"end":{"line":55,"column":21}},"55":{"start":{"line":56,"column":0},"end":{"line":56,"column":28}},"56":{"start":{"line":57,"column":0},"end":{"line":57,"column":36}},"57":{"start":{"line":58,"column":0},"end":{"line":58,"column":29}},"59":{"start":{"line":60,"column":0},"end":{"line":60,"column":12}},"60":{"start":{"line":61,"column":0},"end":{"line":61,"column":65}},"61":{"start":{"line":62,"column":0},"end":{"line":62,"column":17}},"62":{"start":{"line":63,"column":0},"end":{"line":63,"column":21}},"63":{"start":{"line":64,"column":0},"end":{"line":64,"column":6}},"66":{"start":{"line":67,"column":0},"end":{"line":67,"column":73}},"67":{"start":{"line":68,"column":0},"end":{"line":68,"column":5}},"69":{"start":{"line":70,"column":0},"end":{"line":70,"column":67}},"71":{"start":{"line":72,"column":0},"end":{"line":72,"column":65}},"73":{"start":{"line":74,"column":0},"end":{"line":74,"column":55}},"74":{"start":{"line":75,"column":0},"end":{"line":75,"column":59}},"76":{"start":{"line":77,"column":0},"end":{"line":77,"column":11}},"77":{"start":{"line":78,"column":0},"end":{"line":78,"column":55}},"78":{"start":{"line":79,"column":0},"end":{"line":79,"column":16}},"79":{"start":{"line":80,"column":0},"end":{"line":80,"column":16}},"80":{"start":{"line":81,"column":0},"end":{"line":81,"column":32}},"81":{"start":{"line":82,"column":0},"end":{"line":82,"column":21}},"82":{"start":{"line":83,"column":0},"end":{"line":83,"column":28}},"83":{"start":{"line":84,"column":0},"end":{"line":84,"column":36}},"84":{"start":{"line":85,"column":0},"end":{"line":85,"column":29}},"86":{"start":{"line":87,"column":0},"end":{"line":87,"column":12}},"87":{"start":{"line":88,"column":0},"end":{"line":88,"column":16}},"88":{"start":{"line":89,"column":0},"end":{"line":89,"column":25}},"89":{"start":{"line":90,"column":0},"end":{"line":90,"column":21}},"90":{"start":{"line":91,"column":0},"end":{"line":91,"column":19}},"92":{"start":{"line":93,"column":0},"end":{"line":93,"column":52}},"93":{"start":{"line":94,"column":0},"end":{"line":94,"column":20}},"95":{"start":{"line":96,"column":0},"end":{"line":96,"column":12}},"96":{"start":{"line":97,"column":0},"end":{"line":97,"column":17}},"97":{"start":{"line":98,"column":0},"end":{"line":98,"column":21}},"98":{"start":{"line":99,"column":0},"end":{"line":99,"column":6}},"101":{"start":{"line":102,"column":0},"end":{"line":102,"column":73}},"102":{"start":{"line":103,"column":0},"end":{"line":103,"column":5}},"103":{"start":{"line":104,"column":0},"end":{"line":104,"column":3}}},"s":{"0":1,"1":1,"2":1,"4":1,"6":1,"7":1,"9":1,"10":3,"11":3,"12":1,"14":1,"15":3,"16":1,"18":1,"20":1,"22":1,"24":1,"25":1,"26":1,"27":1,"28":1,"29":1,"30":1,"31":1,"32":1,"34":1,"35":1,"36":1,"37":1,"40":1,"41":1,"43":1,"45":1,"47":1,"49":1,"50":1,"51":1,"52":1,"53":1,"54":1,"55":1,"56":1,"57":1,"59":1,"60":1,"61":1,"62":1,"63":1,"66":1,"67":1,"69":1,"71":1,"73":1,"74":1,"76":1,"77":1,"78":1,"79":1,"80":1,"81":1,"82":1,"83":1,"84":1,"86":1,"87":1,"88":1,"89":1,"90":1,"92":1,"93":1,"95":1,"96":1,"97":1,"98":1,"101":1,"102":1,"103":1},"branchMap":{"0":{"type":"branch","line":7,"loc":{"start":{"line":7,"column":35},"end":{"line":104,"column":3}},"locations":[{"start":{"line":7,"column":35},"end":{"line":104,"column":3}}]},"1":{"type":"branch","line":10,"loc":{"start":{"line":10,"column":13},"end":{"line":13,"column":3}},"locations":[{"start":{"line":10,"column":13},"end":{"line":13,"column":3}}]},"2":{"type":"branch","line":15,"loc":{"start":{"line":15,"column":12},"end":{"line":17,"column":3}},"locations":[{"start":{"line":15,"column":12},"end":{"line":17,"column":3}}]},"3":{"type":"branch","line":19,"loc":{"start":{"line":19,"column":70},"end":{"line":42,"column":3}},"locations":[{"start":{"line":19,"column":70},"end":{"line":42,"column":3}}]},"4":{"type":"branch","line":44,"loc":{"start":{"line":44,"column":75},"end":{"line":68,"column":3}},"locations":[{"start":{"line":44,"column":75},"end":{"line":68,"column":3}}]},"5":{"type":"branch","line":70,"loc":{"start":{"line":70,"column":60},"end":{"line":103,"column":3}},"locations":[{"start":{"line":70,"column":60},"end":{"line":103,"column":3}}]}},"b":{"0":[1],"1":[3],"2":[3],"3":[1],"4":[1],"5":[1]},"fnMap":{},"f":{}}
,"/Users/drolya/Sites/app/src/components/shared/PrivateRoute/PrivateRoute.tsx": {"path":"/Users/drolya/Sites/app/src/components/shared/PrivateRoute/PrivateRoute.tsx","all":false,"statementMap":{"0":{"start":{"line":1,"column":0},"end":{"line":1,"column":34}},"1":{"start":{"line":2,"column":0},"end":{"line":2,"column":57}},"7":{"start":{"line":8,"column":0},"end":{"line":8,"column":40}},"8":{"start":{"line":9,"column":0},"end":{"line":9,"column":46}},"10":{"start":{"line":11,"column":0},"end":{"line":11,"column":17}},"11":{"start":{"line":12,"column":0},"end":{"line":12,"column":2}},"14":{"start":{"line":15,"column":0},"end":{"line":15,"column":59}},"15":{"start":{"line":16,"column":0},"end":{"line":16,"column":33}},"16":{"start":{"line":17,"column":0},"end":{"line":17,"column":92}},"17":{"start":{"line":18,"column":0},"end":{"line":18,"column":2}},"19":{"start":{"line":20,"column":0},"end":{"line":20,"column":28}}},"s":{"0":1,"1":1,"7":1,"8":3,"10":3,"11":3,"14":1,"15":3,"16":3,"17":3,"19":1},"branchMap":{"0":{"type":"branch","line":8,"loc":{"start":{"line":8,"column":24},"end":{"line":12,"column":2}},"locations":[{"start":{"line":8,"column":24},"end":{"line":12,"column":2}}]},"1":{"type":"branch","line":15,"loc":{"start":{"line":15,"column":21},"end":{"line":18,"column":2}},"locations":[{"start":{"line":15,"column":21},"end":{"line":18,"column":2}}]},"2":{"type":"branch","line":17,"loc":{"start":{"line":17,"column":25},"end":{"line":17,"column":40}},"locations":[{"start":{"line":17,"column":25},"end":{"line":17,"column":40}}]},"3":{"type":"branch","line":17,"loc":{"start":{"line":17,"column":29},"end":{"line":17,"column":92}},"locations":[{"start":{"line":17,"column":29},"end":{"line":17,"column":92}}]}},"b":{"0":[3],"1":[3],"2":[1],"3":[2]},"fnMap":{"0":{"name":"isAuthenticated","decl":{"start":{"line":8,"column":24},"end":{"line":12,"column":2}},"loc":{"start":{"line":8,"column":24},"end":{"line":12,"column":2}},"line":8},"1":{"name":"PrivateRoute","decl":{"start":{"line":15,"column":21},"end":{"line":18,"column":2}},"loc":{"start":{"line":15,"column":21},"end":{"line":18,"column":2}},"line":15}},"f":{"0":3,"1":3}}
,"/Users/drolya/Sites/app/src/containers/LoginPage/LoginPage.spec.tsx": {"path":"/Users/drolya/Sites/app/src/containers/LoginPage/LoginPage.spec.tsx","all":false,"statementMap":{"0":{"start":{"line":1,"column":0},"end":{"line":1,"column":67}},"1":{"start":{"line":2,"column":0},"end":{"line":2,"column":28}},"2":{"start":{"line":3,"column":0},"end":{"line":3,"column":61}},"4":{"start":{"line":5,"column":0},"end":{"line":5,"column":40}},"6":{"start":{"line":7,"column":0},"end":{"line":7,"column":35}},"7":{"start":{"line":8,"column":0},"end":{"line":8,"column":33}},"10":{"start":{"line":11,"column":0},"end":{"line":11,"column":20}},"11":{"start":{"line":12,"column":0},"end":{"line":12,"column":23}},"12":{"start":{"line":13,"column":0},"end":{"line":13,"column":25}},"15":{"start":{"line":16,"column":0},"end":{"line":16,"column":42}},"18":{"start":{"line":19,"column":0},"end":{"line":19,"column":59}},"19":{"start":{"line":20,"column":0},"end":{"line":20,"column":5}},"21":{"start":{"line":22,"column":0},"end":{"line":22,"column":19}},"22":{"start":{"line":23,"column":0},"end":{"line":23,"column":25}},"23":{"start":{"line":24,"column":0},"end":{"line":24,"column":5}},"25":{"start":{"line":26,"column":0},"end":{"line":26,"column":44}},"26":{"start":{"line":27,"column":0},"end":{"line":27,"column":11}},"27":{"start":{"line":28,"column":0},"end":{"line":28,"column":20}},"28":{"start":{"line":29,"column":0},"end":{"line":29,"column":21}},"29":{"start":{"line":30,"column":0},"end":{"line":30,"column":21}},"30":{"start":{"line":31,"column":0},"end":{"line":31,"column":6}},"32":{"start":{"line":33,"column":0},"end":{"line":33,"column":80}},"33":{"start":{"line":34,"column":0},"end":{"line":34,"column":67}},"34":{"start":{"line":35,"column":0},"end":{"line":35,"column":67}},"35":{"start":{"line":36,"column":0},"end":{"line":36,"column":79}},"36":{"start":{"line":37,"column":0},"end":{"line":37,"column":5}},"38":{"start":{"line":39,"column":0},"end":{"line":39,"column":40}},"39":{"start":{"line":40,"column":0},"end":{"line":40,"column":11}},"40":{"start":{"line":41,"column":0},"end":{"line":41,"column":20}},"41":{"start":{"line":42,"column":0},"end":{"line":42,"column":21}},"42":{"start":{"line":43,"column":0},"end":{"line":43,"column":21}},"43":{"start":{"line":44,"column":0},"end":{"line":44,"column":6}},"45":{"start":{"line":46,"column":0},"end":{"line":46,"column":92}},"46":{"start":{"line":47,"column":0},"end":{"line":47,"column":95}},"48":{"start":{"line":49,"column":0},"end":{"line":49,"column":71}},"49":{"start":{"line":50,"column":0},"end":{"line":50,"column":74}},"50":{"start":{"line":51,"column":0},"end":{"line":51,"column":5}},"52":{"start":{"line":53,"column":0},"end":{"line":53,"column":51}},"53":{"start":{"line":54,"column":0},"end":{"line":54,"column":11}},"54":{"start":{"line":55,"column":0},"end":{"line":55,"column":20}},"55":{"start":{"line":56,"column":0},"end":{"line":56,"column":21}},"56":{"start":{"line":57,"column":0},"end":{"line":57,"column":21}},"57":{"start":{"line":58,"column":0},"end":{"line":58,"column":6}},"59":{"start":{"line":60,"column":0},"end":{"line":60,"column":92}},"60":{"start":{"line":61,"column":0},"end":{"line":61,"column":95}},"61":{"start":{"line":62,"column":0},"end":{"line":62,"column":68}},"63":{"start":{"line":64,"column":0},"end":{"line":64,"column":66}},"64":{"start":{"line":65,"column":0},"end":{"line":65,"column":53}},"65":{"start":{"line":66,"column":0},"end":{"line":66,"column":5}},"67":{"start":{"line":68,"column":0},"end":{"line":68,"column":56}},"68":{"start":{"line":69,"column":0},"end":{"line":69,"column":53}},"70":{"start":{"line":71,"column":0},"end":{"line":71,"column":11}},"71":{"start":{"line":72,"column":0},"end":{"line":72,"column":20}},"72":{"start":{"line":73,"column":0},"end":{"line":73,"column":21}},"73":{"start":{"line":74,"column":0},"end":{"line":74,"column":21}},"74":{"start":{"line":75,"column":0},"end":{"line":75,"column":6}},"76":{"start":{"line":77,"column":0},"end":{"line":77,"column":53}},"77":{"start":{"line":78,"column":0},"end":{"line":78,"column":5}},"78":{"start":{"line":79,"column":0},"end":{"line":79,"column":3}}},"s":{"0":1,"1":1,"2":1,"4":1,"6":1,"7":1,"10":1,"11":4,"12":4,"15":4,"18":4,"19":1,"21":1,"22":4,"23":1,"25":1,"26":1,"27":1,"28":1,"29":1,"30":1,"32":1,"33":1,"34":1,"35":1,"36":1,"38":1,"39":1,"40":1,"41":1,"42":1,"43":1,"45":1,"46":1,"48":1,"49":1,"50":1,"52":1,"53":1,"54":1,"55":1,"56":1,"57":1,"59":1,"60":1,"61":1,"63":1,"64":1,"65":1,"67":1,"68":1,"70":1,"71":1,"72":1,"73":1,"74":1,"76":1,"77":1,"78":1},"branchMap":{"0":{"type":"branch","line":7,"loc":{"start":{"line":7,"column":28},"end":{"line":79,"column":3}},"locations":[{"start":{"line":7,"column":28},"end":{"line":79,"column":3}}]},"1":{"type":"branch","line":11,"loc":{"start":{"line":11,"column":13},"end":{"line":20,"column":3}},"locations":[{"start":{"line":11,"column":13},"end":{"line":20,"column":3}}]},"2":{"type":"branch","line":22,"loc":{"start":{"line":22,"column":12},"end":{"line":24,"column":3}},"locations":[{"start":{"line":22,"column":12},"end":{"line":24,"column":3}}]},"3":{"type":"branch","line":26,"loc":{"start":{"line":26,"column":37},"end":{"line":37,"column":3}},"locations":[{"start":{"line":26,"column":37},"end":{"line":37,"column":3}}]},"4":{"type":"branch","line":39,"loc":{"start":{"line":39,"column":33},"end":{"line":51,"column":3}},"locations":[{"start":{"line":39,"column":33},"end":{"line":51,"column":3}}]},"5":{"type":"branch","line":53,"loc":{"start":{"line":53,"column":44},"end":{"line":66,"column":3}},"locations":[{"start":{"line":53,"column":44},"end":{"line":66,"column":3}}]},"6":{"type":"branch","line":68,"loc":{"start":{"line":68,"column":49},"end":{"line":78,"column":3}},"locations":[{"start":{"line":68,"column":49},"end":{"line":78,"column":3}}]}},"b":{"0":[1],"1":[4],"2":[4],"3":[1],"4":[1],"5":[1],"6":[1]},"fnMap":{},"f":{}}
,"/Users/drolya/Sites/app/src/containers/LoginPage/LoginPage.tsx": {"path":"/Users/drolya/Sites/app/src/containers/LoginPage/LoginPage.tsx","all":false,"statementMap":{"0":{"start":{"line":1,"column":0},"end":{"line":1,"column":44}},"1":{"start":{"line":2,"column":0},"end":{"line":2,"column":60}},"3":{"start":{"line":4,"column":0},"end":{"line":4,"column":40}},"4":{"start":{"line":5,"column":0},"end":{"line":5,"column":46}},"6":{"start":{"line":7,"column":0},"end":{"line":7,"column":17}},"7":{"start":{"line":8,"column":0},"end":{"line":8,"column":2}},"9":{"start":{"line":10,"column":0},"end":{"line":10,"column":32}},"10":{"start":{"line":11,"column":0},"end":{"line":11,"column":47}},"11":{"start":{"line":12,"column":0},"end":{"line":12,"column":47}},"12":{"start":{"line":13,"column":0},"end":{"line":13,"column":33}},"13":{"start":{"line":14,"column":0},"end":{"line":14,"column":33}},"14":{"start":{"line":15,"column":0},"end":{"line":15,"column":53}},"16":{"start":{"line":17,"column":0},"end":{"line":17,"column":19}},"17":{"start":{"line":18,"column":0},"end":{"line":18,"column":28}},"18":{"start":{"line":19,"column":0},"end":{"line":19,"column":21}},"19":{"start":{"line":20,"column":0},"end":{"line":20,"column":5}},"20":{"start":{"line":21,"column":0},"end":{"line":21,"column":23}},"22":{"start":{"line":23,"column":0},"end":{"line":23,"column":29}},"23":{"start":{"line":24,"column":0},"end":{"line":24,"column":36}},"24":{"start":{"line":25,"column":0},"end":{"line":25,"column":41}},"25":{"start":{"line":26,"column":0},"end":{"line":26,"column":19}},"26":{"start":{"line":27,"column":0},"end":{"line":27,"column":4}},"28":{"start":{"line":29,"column":0},"end":{"line":29,"column":10}},"29":{"start":{"line":30,"column":0},"end":{"line":30,"column":96}},"30":{"start":{"line":31,"column":0},"end":{"line":31,"column":90}},"31":{"start":{"line":32,"column":0},"end":{"line":32,"column":103}},"32":{"start":{"line":33,"column":0},"end":{"line":33,"column":13}},"33":{"start":{"line":34,"column":0},"end":{"line":34,"column":28}},"34":{"start":{"line":35,"column":0},"end":{"line":35,"column":31}},"35":{"start":{"line":36,"column":0},"end":{"line":36,"column":26}},"36":{"start":{"line":37,"column":0},"end":{"line":37,"column":12}},"38":{"start":{"line":39,"column":0},"end":{"line":39,"column":32}},"39":{"start":{"line":40,"column":0},"end":{"line":40,"column":18}},"40":{"start":{"line":41,"column":0},"end":{"line":41,"column":32}},"41":{"start":{"line":42,"column":0},"end":{"line":42,"column":89}},"42":{"start":{"line":43,"column":0},"end":{"line":43,"column":13}},"44":{"start":{"line":45,"column":0},"end":{"line":45,"column":20}},"45":{"start":{"line":46,"column":0},"end":{"line":46,"column":18}},"46":{"start":{"line":47,"column":0},"end":{"line":47,"column":27}},"47":{"start":{"line":48,"column":0},"end":{"line":48,"column":25}},"48":{"start":{"line":49,"column":0},"end":{"line":49,"column":47}},"49":{"start":{"line":50,"column":0},"end":{"line":50,"column":30}},"50":{"start":{"line":51,"column":0},"end":{"line":51,"column":59}},"51":{"start":{"line":52,"column":0},"end":{"line":52,"column":233}},"52":{"start":{"line":53,"column":0},"end":{"line":53,"column":22}},"53":{"start":{"line":54,"column":0},"end":{"line":54,"column":14}},"54":{"start":{"line":55,"column":0},"end":{"line":55,"column":16}},"55":{"start":{"line":56,"column":0},"end":{"line":56,"column":32}},"56":{"start":{"line":57,"column":0},"end":{"line":57,"column":18}},"57":{"start":{"line":58,"column":0},"end":{"line":58,"column":32}},"58":{"start":{"line":59,"column":0},"end":{"line":59,"column":89}},"59":{"start":{"line":60,"column":0},"end":{"line":60,"column":13}},"61":{"start":{"line":62,"column":0},"end":{"line":62,"column":20}},"62":{"start":{"line":63,"column":0},"end":{"line":63,"column":18}},"63":{"start":{"line":64,"column":0},"end":{"line":64,"column":27}},"64":{"start":{"line":65,"column":0},"end":{"line":65,"column":29}},"65":{"start":{"line":66,"column":0},"end":{"line":66,"column":47}},"66":{"start":{"line":67,"column":0},"end":{"line":67,"column":30}},"67":{"start":{"line":68,"column":0},"end":{"line":68,"column":59}},"68":{"start":{"line":69,"column":0},"end":{"line":69,"column":233}},"69":{"start":{"line":70,"column":0},"end":{"line":70,"column":22}},"70":{"start":{"line":71,"column":0},"end":{"line":71,"column":14}},"71":{"start":{"line":72,"column":0},"end":{"line":72,"column":16}},"72":{"start":{"line":73,"column":0},"end":{"line":73,"column":17}},"73":{"start":{"line":74,"column":0},"end":{"line":74,"column":25}},"74":{"start":{"line":75,"column":0},"end":{"line":75,"column":151}},"75":{"start":{"line":76,"column":0},"end":{"line":76,"column":11}},"77":{"start":{"line":78,"column":0},"end":{"line":78,"column":19}},"78":{"start":{"line":79,"column":0},"end":{"line":79,"column":15}},"79":{"start":{"line":80,"column":0},"end":{"line":80,"column":12}},"80":{"start":{"line":81,"column":0},"end":{"line":81,"column":10}},"82":{"start":{"line":83,"column":0},"end":{"line":83,"column":2}},"84":{"start":{"line":85,"column":0},"end":{"line":85,"column":25}}},"s":{"0":1,"1":1,"3":1,"4":4,"6":4,"7":4,"9":1,"10":8,"11":8,"12":8,"13":8,"14":8,"16":8,"17":4,"18":1,"19":1,"20":8,"22":8,"23":1,"24":1,"25":1,"26":1,"28":8,"29":8,"30":8,"31":8,"32":8,"33":8,"34":1,"35":1,"36":1,"38":8,"39":8,"40":8,"41":8,"42":8,"44":8,"45":8,"46":8,"47":8,"48":8,"49":8,"50":8,"51":8,"52":8,"53":8,"54":8,"55":8,"56":8,"57":8,"58":8,"59":8,"61":8,"62":8,"63":8,"64":8,"65":8,"66":8,"67":8,"68":8,"69":8,"70":8,"71":8,"72":8,"73":8,"74":8,"75":8,"77":8,"78":8,"79":8,"80":8,"82":8,"84":1},"branchMap":{"0":{"type":"branch","line":4,"loc":{"start":{"line":4,"column":24},"end":{"line":8,"column":2}},"locations":[{"start":{"line":4,"column":24},"end":{"line":8,"column":2}}]},"1":{"type":"branch","line":10,"loc":{"start":{"line":10,"column":25},"end":{"line":83,"column":2}},"locations":[{"start":{"line":10,"column":25},"end":{"line":83,"column":2}}]},"2":{"type":"branch","line":15,"loc":{"start":{"line":15,"column":31},"end":{"line":15,"column":49}},"locations":[{"start":{"line":15,"column":31},"end":{"line":15,"column":49}}]},"3":{"type":"branch","line":17,"loc":{"start":{"line":17,"column":12},"end":{"line":21,"column":5}},"locations":[{"start":{"line":17,"column":12},"end":{"line":21,"column":5}}]},"4":{"type":"branch","line":18,"loc":{"start":{"line":18,"column":27},"end":{"line":20,"column":5}},"locations":[{"start":{"line":18,"column":27},"end":{"line":20,"column":5}}]},"5":{"type":"branch","line":23,"loc":{"start":{"line":23,"column":22},"end":{"line":27,"column":4}},"locations":[{"start":{"line":23,"column":22},"end":{"line":27,"column":4}}]},"6":{"type":"branch","line":34,"loc":{"start":{"line":34,"column":20},"end":{"line":37,"column":12}},"locations":[{"start":{"line":34,"column":20},"end":{"line":37,"column":12}}]},"7":{"type":"branch","line":51,"loc":{"start":{"line":51,"column":24},"end":{"line":51,"column":59}},"locations":[{"start":{"line":51,"column":24},"end":{"line":51,"column":59}}]},"8":{"type":"branch","line":68,"loc":{"start":{"line":68,"column":24},"end":{"line":68,"column":59}},"locations":[{"start":{"line":68,"column":24},"end":{"line":68,"column":59}}]}},"b":{"0":[4],"1":[8],"2":[0],"3":[4],"4":[1],"5":[1],"6":[1],"7":[2],"8":[2]},"fnMap":{"0":{"name":"isAuthenticated","decl":{"start":{"line":4,"column":24},"end":{"line":8,"column":2}},"loc":{"start":{"line":4,"column":24},"end":{"line":8,"column":2}},"line":4},"1":{"name":"LoginPage","decl":{"start":{"line":10,"column":25},"end":{"line":83,"column":2}},"loc":{"start":{"line":10,"column":25},"end":{"line":83,"column":2}},"line":10},"2":{"name":"handleLogin","decl":{"start":{"line":23,"column":22},"end":{"line":27,"column":4}},"loc":{"start":{"line":23,"column":22},"end":{"line":27,"column":4}},"line":23},"3":{"name":"onSubmit","decl":{"start":{"line":34,"column":20},"end":{"line":37,"column":12}},"loc":{"start":{"line":34,"column":20},"end":{"line":37,"column":12}},"line":34},"4":{"name":"onChange","decl":{"start":{"line":51,"column":24},"end":{"line":51,"column":59}},"loc":{"start":{"line":51,"column":24},"end":{"line":51,"column":59}},"line":51},"5":{"name":"onChange","decl":{"start":{"line":68,"column":24},"end":{"line":68,"column":59}},"loc":{"start":{"line":68,"column":24},"end":{"line":68,"column":59}},"line":68}},"f":{"0":4,"1":8,"2":1,"3":1,"4":2,"5":2}}
,"/Users/drolya/Sites/app/src/services/api.ts": {"path":"/Users/drolya/Sites/app/src/services/api.ts","all":true,"statementMap":{"0":{"start":{"line":1,"column":0},"end":{"line":1,"column":65}},"2":{"start":{"line":3,"column":0},"end":{"line":3,"column":41}},"3":{"start":{"line":4,"column":0},"end":{"line":4,"column":31}},"4":{"start":{"line":5,"column":0},"end":{"line":5,"column":3}},"6":{"start":{"line":7,"column":0},"end":{"line":7,"column":62}},"7":{"start":{"line":8,"column":0},"end":{"line":8,"column":46}},"8":{"start":{"line":9,"column":0},"end":{"line":9,"column":32}},"9":{"start":{"line":10,"column":0},"end":{"line":10,"column":53}},"10":{"start":{"line":11,"column":0},"end":{"line":11,"column":3}},"11":{"start":{"line":12,"column":0},"end":{"line":12,"column":16}},"12":{"start":{"line":13,"column":0},"end":{"line":13,"column":3}},"14":{"start":{"line":15,"column":0},"end":{"line":15,"column":19}}},"s":{"0":0,"2":0,"3":0,"4":0,"6":0,"7":0,"8":0,"9":0,"10":0,"11":0,"12":0,"14":0},"branchMap":{"0":{"type":"branch","line":1,"loc":{"start":{"line":1,"column":0},"end":{"line":15,"column":15}},"locations":[{"start":{"line":1,"column":0},"end":{"line":15,"column":15}}]}},"b":{"0":[0]},"fnMap":{"0":{"name":"(empty-report)","decl":{"start":{"line":1,"column":0},"end":{"line":15,"column":15}},"loc":{"start":{"line":1,"column":0},"end":{"line":15,"column":15}},"line":1}},"f":{"0":0}}
,"/Users/drolya/Sites/app/src/store/index.ts": {"path":"/Users/drolya/Sites/app/src/store/index.ts","all":true,"statementMap":{"0":{"start":{"line":1,"column":0},"end":{"line":1,"column":50}},"2":{"start":{"line":3,"column":0},"end":{"line":3,"column":50}},"4":{"start":{"line":5,"column":0},"end":{"line":5,"column":30}},"5":{"start":{"line":6,"column":0},"end":{"line":6,"column":23}},"6":{"start":{"line":7,"column":0},"end":{"line":7,"column":3}},"11":{"start":{"line":12,"column":0},"end":{"line":12,"column":21}}},"s":{"0":0,"2":0,"4":0,"5":0,"6":0,"11":0},"branchMap":{"0":{"type":"branch","line":1,"loc":{"start":{"line":1,"column":0},"end":{"line":12,"column":-127}},"locations":[{"start":{"line":1,"column":0},"end":{"line":12,"column":-127}}]}},"b":{"0":[0]},"fnMap":{"0":{"name":"(empty-report)","decl":{"start":{"line":1,"column":0},"end":{"line":12,"column":-127}},"loc":{"start":{"line":1,"column":0},"end":{"line":12,"column":-127}},"line":1}},"f":{"0":0}}
,"/Users/drolya/Sites/app/src/store/reducers/root.ts": {"path":"/Users/drolya/Sites/app/src/store/reducers/root.ts","all":true,"statementMap":{"0":{"start":{"line":1,"column":0},"end":{"line":1,"column":51}},"3":{"start":{"line":4,"column":0},"end":{"line":4,"column":37}},"5":{"start":{"line":6,"column":0},"end":{"line":6,"column":3}},"7":{"start":{"line":8,"column":0},"end":{"line":8,"column":27}}},"s":{"0":0,"3":0,"5":0,"7":0},"branchMap":{"0":{"type":"branch","line":1,"loc":{"start":{"line":1,"column":0},"end":{"line":8,"column":-34}},"locations":[{"start":{"line":1,"column":0},"end":{"line":8,"column":-34}}]}},"b":{"0":[0]},"fnMap":{"0":{"name":"(empty-report)","decl":{"start":{"line":1,"column":0},"end":{"line":8,"column":-34}},"loc":{"start":{"line":1,"column":0},"end":{"line":8,"column":-34}},"line":1}},"f":{"0":0}}
}
